<?xml version="1.0" encoding="UTF-8"?>
<!-- Generated by org.testng.reporters.JUnitReportReporter -->
<testsuite skipped="0" hostname="tnamb" name="com.selenium.flipkart.test.TestFlipkart" tests="2" failures="0" timestamp="2021-03-26T15:14:55 IST" time="20.030" errors="0">
  <testcase name="ScriptTest" time="20.012" classname="com.selenium.flipkart.test.TestFlipkart"/>
  <system-out/>
  <testcase name="testAssertions" time="0.018" classname="com.selenium.flipkart.test.TestFlipkart"/>
  <system-out/>
</testsuite> <!-- com.selenium.flipkart.test.TestFlipkart -->
