<?xml version="1.0" encoding="UTF-8"?>
<!-- Generated by org.testng.reporters.JUnitReportReporter -->
<testsuite skipped="0" hostname="tnamb" name="com.selenium.flipkart.testCases.SearchTest" tests="1" failures="0" timestamp="2021-03-30T14:29:57 IST" time="13.369" errors="0">
  <testcase name="SearchFlipkart" time="13.369" classname="com.selenium.flipkart.testCases.SearchTest"/>
  <system-out/>
</testsuite> <!-- com.selenium.flipkart.testCases.SearchTest -->
