<?xml version="1.0" encoding="UTF-8"?>
<!-- Generated by org.testng.reporters.JUnitReportReporter -->
<testsuite skipped="0" hostname="tnamb" name="com.selenium.flipkart.test.TestLogin" tests="1" failures="0" timestamp="2021-03-24T12:55:49 IST" time="1.990" errors="0">
  <testcase name="LoginMethod" time="1.990" classname="com.selenium.flipkart.test.TestLogin"/>
  <system-out/>
</testsuite> <!-- com.selenium.flipkart.test.TestLogin -->
