<?xml version="1.0" encoding="UTF-8"?>
<!-- Generated by org.testng.reporters.JUnitReportReporter -->
<testsuite skipped="0" hostname="tnamb" name="com.selenium.flipkart.testCases.LogoutTest" tests="1" failures="0" timestamp="2021-03-30T14:29:57 IST" time="0.321" errors="0">
  <testcase name="LogoutFromFlipkart" time="0.321" classname="com.selenium.flipkart.testCases.LogoutTest"/>
  <system-out/>
</testsuite> <!-- com.selenium.flipkart.testCases.LogoutTest -->
