<?xml version="1.0" encoding="UTF-8"?>
<!-- Generated by org.testng.reporters.JUnitReportReporter -->
<testsuite skipped="0" hostname="tnamb" name="com.selenium.flipkart.testCases.AddToCartTest" tests="1" failures="0" timestamp="2021-03-30T14:29:57 IST" time="2.250" errors="0">
  <testcase name="Cart" time="2.250" classname="com.selenium.flipkart.testCases.AddToCartTest"/>
  <system-out/>
</testsuite> <!-- com.selenium.flipkart.testCases.AddToCartTest -->
