<?xml version="1.0" encoding="UTF-8"?>
<!-- Generated by org.testng.reporters.JUnitReportReporter -->
<testsuite skipped="0" hostname="tnamb" name="com.selenium.flipkart.testCases.FlipkartTest" tests="2" failures="0" timestamp="2021-03-29T14:35:50 IST" time="20.306" errors="0">
  <testcase name="ScriptTest" time="20.301" classname="com.selenium.flipkart.testCases.FlipkartTest"/>
  <system-out/>
  <testcase name="testAssertions" time="0.005" classname="com.selenium.flipkart.testCases.FlipkartTest"/>
  <system-out/>
</testsuite> <!-- com.selenium.flipkart.testCases.FlipkartTest -->
